
Loading dataset...
batch_size = 16
learning rate = 0.0001
train_size = 65372
validation_size = 18677
test_size = 9340
Data load complete!
Initializing model....
Initialize complete!!
[3m                                   SampleCNN Summary                                    
â”â”â”â”â”â”â”â”â”â”â”â”â”â”â”â”³â”â”â”â”â”â”â”â”â”â”â”â”â”â”â”â”â”â”â”â”â”â”â”â”â”³â”â”â”â”â”â”â”â”â”â”â”â”â”â”â”â”â”â”â”â”â”³â”â”â”â”â”â”â”â”â”â”â”â”â”â”â”â”â”â”â”â”â”â”â”â”â”â”“
â”ƒ[1m path         [22mâ”ƒ[1m outputs                [22mâ”ƒ[1m batch_stats        [22mâ”ƒ[1m params                  [22mâ”ƒ
â”¡â”â”â”â”â”â”â”â”â”â”â”â”â”â”â•‡â”â”â”â”â”â”â”â”â”â”â”â”â”â”â”â”â”â”â”â”â”â”â”â”â•‡â”â”â”â”â”â”â”â”â”â”â”â”â”â”â”â”â”â”â”â”â•‡â”â”â”â”â”â”â”â”â”â”â”â”â”â”â”â”â”â”â”â”â”â”â”â”â”â”©
â”‚ Inputs       â”‚ float32[16,48,1876]    â”‚                    â”‚                         â”‚
â”œâ”€â”€â”€â”€â”€â”€â”€â”€â”€â”€â”€â”€â”€â”€â”¼â”€â”€â”€â”€â”€â”€â”€â”€â”€â”€â”€â”€â”€â”€â”€â”€â”€â”€â”€â”€â”€â”€â”€â”€â”¼â”€â”€â”€â”€â”€â”€â”€â”€â”€â”€â”€â”€â”€â”€â”€â”€â”€â”€â”€â”€â”¼â”€â”€â”€â”€â”€â”€â”€â”€â”€â”€â”€â”€â”€â”€â”€â”€â”€â”€â”€â”€â”€â”€â”€â”€â”€â”¤
â”‚ BatchNorm_0  â”‚ float32[16,46,625,128] â”‚ mean: float32[128] â”‚ bias: float32[128]      â”‚
â”‚              â”‚                        â”‚ var: float32[128]  â”‚ scale: float32[128]     â”‚
â”‚              â”‚                        â”‚                    â”‚                         â”‚
â”‚              â”‚                        â”‚ [1m256 (1.0 KB)[22m       â”‚ [1m256 (1.0 KB)[22m            â”‚
â”œâ”€â”€â”€â”€â”€â”€â”€â”€â”€â”€â”€â”€â”€â”€â”¼â”€â”€â”€â”€â”€â”€â”€â”€â”€â”€â”€â”€â”€â”€â”€â”€â”€â”€â”€â”€â”€â”€â”€â”€â”¼â”€â”€â”€â”€â”€â”€â”€â”€â”€â”€â”€â”€â”€â”€â”€â”€â”€â”€â”€â”€â”¼â”€â”€â”€â”€â”€â”€â”€â”€â”€â”€â”€â”€â”€â”€â”€â”€â”€â”€â”€â”€â”€â”€â”€â”€â”€â”¤
â”‚ BatchNorm_1  â”‚ float32[16,44,312,128] â”‚ mean: float32[128] â”‚ bias: float32[128]      â”‚
â”‚              â”‚                        â”‚ var: float32[128]  â”‚ scale: float32[128]     â”‚
â”‚              â”‚                        â”‚                    â”‚                         â”‚
â”‚              â”‚                        â”‚ [1m256 (1.0 KB)[22m       â”‚ [1m256 (1.0 KB)[22m            â”‚
â”œâ”€â”€â”€â”€â”€â”€â”€â”€â”€â”€â”€â”€â”€â”€â”¼â”€â”€â”€â”€â”€â”€â”€â”€â”€â”€â”€â”€â”€â”€â”€â”€â”€â”€â”€â”€â”€â”€â”€â”€â”¼â”€â”€â”€â”€â”€â”€â”€â”€â”€â”€â”€â”€â”€â”€â”€â”€â”€â”€â”€â”€â”¼â”€â”€â”€â”€â”€â”€â”€â”€â”€â”€â”€â”€â”€â”€â”€â”€â”€â”€â”€â”€â”€â”€â”€â”€â”€â”¤
â”‚ BatchNorm_10 â”‚ float32[16,8,8,256]    â”‚ mean: float32[256] â”‚ bias: float32[256]      â”‚
â”‚              â”‚                        â”‚ var: float32[256]  â”‚ scale: float32[256]     â”‚
â”‚              â”‚                        â”‚                    â”‚                         â”‚
â”‚              â”‚                        â”‚ [1m512 (2.0 KB)[22m       â”‚ [1m512 (2.0 KB)[22m            â”‚
â”œâ”€â”€â”€â”€â”€â”€â”€â”€â”€â”€â”€â”€â”€â”€â”¼â”€â”€â”€â”€â”€â”€â”€â”€â”€â”€â”€â”€â”€â”€â”€â”€â”€â”€â”€â”€â”€â”€â”€â”€â”¼â”€â”€â”€â”€â”€â”€â”€â”€â”€â”€â”€â”€â”€â”€â”€â”€â”€â”€â”€â”€â”¼â”€â”€â”€â”€â”€â”€â”€â”€â”€â”€â”€â”€â”€â”€â”€â”€â”€â”€â”€â”€â”€â”€â”€â”€â”€â”¤
â”‚ BatchNorm_2  â”‚ float32[16,42,155,128] â”‚ mean: float32[128] â”‚ bias: float32[128]      â”‚
â”‚              â”‚                        â”‚ var: float32[128]  â”‚ scale: float32[128]     â”‚
â”‚              â”‚                        â”‚                    â”‚                         â”‚
â”‚              â”‚                        â”‚ [1m256 (1.0 KB)[22m       â”‚ [1m256 (1.0 KB)[22m            â”‚
â”œâ”€â”€â”€â”€â”€â”€â”€â”€â”€â”€â”€â”€â”€â”€â”¼â”€â”€â”€â”€â”€â”€â”€â”€â”€â”€â”€â”€â”€â”€â”€â”€â”€â”€â”€â”€â”€â”€â”€â”€â”¼â”€â”€â”€â”€â”€â”€â”€â”€â”€â”€â”€â”€â”€â”€â”€â”€â”€â”€â”€â”€â”¼â”€â”€â”€â”€â”€â”€â”€â”€â”€â”€â”€â”€â”€â”€â”€â”€â”€â”€â”€â”€â”€â”€â”€â”€â”€â”¤
â”‚ BatchNorm_3  â”‚ float32[16,40,77,256]  â”‚ mean: float32[256] â”‚ bias: float32[256]      â”‚
â”‚              â”‚                        â”‚ var: float32[256]  â”‚ scale: float32[256]     â”‚
â”‚              â”‚                        â”‚                    â”‚                         â”‚
â”‚              â”‚                        â”‚ [1m512 (2.0 KB)[22m       â”‚ [1m512 (2.0 KB)[22m            â”‚
â”œâ”€â”€â”€â”€â”€â”€â”€â”€â”€â”€â”€â”€â”€â”€â”¼â”€â”€â”€â”€â”€â”€â”€â”€â”€â”€â”€â”€â”€â”€â”€â”€â”€â”€â”€â”€â”€â”€â”€â”€â”¼â”€â”€â”€â”€â”€â”€â”€â”€â”€â”€â”€â”€â”€â”€â”€â”€â”€â”€â”€â”€â”¼â”€â”€â”€â”€â”€â”€â”€â”€â”€â”€â”€â”€â”€â”€â”€â”€â”€â”€â”€â”€â”€â”€â”€â”€â”€â”¤
â”‚ BatchNorm_4  â”‚ float32[16,38,38,256]  â”‚ mean: float32[256] â”‚ bias: float32[256]      â”‚
â”‚              â”‚                        â”‚ var: float32[256]  â”‚ scale: float32[256]     â”‚
â”‚              â”‚                        â”‚                    â”‚                         â”‚
â”‚              â”‚                        â”‚ [1m512 (2.0 KB)[22m       â”‚ [1m512 (2.0 KB)[22m            â”‚
â”œâ”€â”€â”€â”€â”€â”€â”€â”€â”€â”€â”€â”€â”€â”€â”¼â”€â”€â”€â”€â”€â”€â”€â”€â”€â”€â”€â”€â”€â”€â”€â”€â”€â”€â”€â”€â”€â”€â”€â”€â”¼â”€â”€â”€â”€â”€â”€â”€â”€â”€â”€â”€â”€â”€â”€â”€â”€â”€â”€â”€â”€â”¼â”€â”€â”€â”€â”€â”€â”€â”€â”€â”€â”€â”€â”€â”€â”€â”€â”€â”€â”€â”€â”€â”€â”€â”€â”€â”¤
â”‚ BatchNorm_5  â”‚ float32[16,18,18,256]  â”‚ mean: float32[256] â”‚ bias: float32[256]      â”‚
â”‚              â”‚                        â”‚ var: float32[256]  â”‚ scale: float32[256]     â”‚
â”‚              â”‚                        â”‚                    â”‚                         â”‚
â”‚              â”‚                        â”‚ [1m512 (2.0 KB)[22m       â”‚ [1m512 (2.0 KB)[22m            â”‚
â”œâ”€â”€â”€â”€â”€â”€â”€â”€â”€â”€â”€â”€â”€â”€â”¼â”€â”€â”€â”€â”€â”€â”€â”€â”€â”€â”€â”€â”€â”€â”€â”€â”€â”€â”€â”€â”€â”€â”€â”€â”¼â”€â”€â”€â”€â”€â”€â”€â”€â”€â”€â”€â”€â”€â”€â”€â”€â”€â”€â”€â”€â”¼â”€â”€â”€â”€â”€â”€â”€â”€â”€â”€â”€â”€â”€â”€â”€â”€â”€â”€â”€â”€â”€â”€â”€â”€â”€â”¤
â”‚ BatchNorm_6  â”‚ float32[16,16,16,256]  â”‚ mean: float32[256] â”‚ bias: float32[256]      â”‚
â”‚              â”‚                        â”‚ var: float32[256]  â”‚ scale: float32[256]     â”‚
â”‚              â”‚                        â”‚                    â”‚                         â”‚
â”‚              â”‚                        â”‚ [1m512 (2.0 KB)[22m       â”‚ [1m512 (2.0 KB)[22m            â”‚
â”œâ”€â”€â”€â”€â”€â”€â”€â”€â”€â”€â”€â”€â”€â”€â”¼â”€â”€â”€â”€â”€â”€â”€â”€â”€â”€â”€â”€â”€â”€â”€â”€â”€â”€â”€â”€â”€â”€â”€â”€â”¼â”€â”€â”€â”€â”€â”€â”€â”€â”€â”€â”€â”€â”€â”€â”€â”€â”€â”€â”€â”€â”¼â”€â”€â”€â”€â”€â”€â”€â”€â”€â”€â”€â”€â”€â”€â”€â”€â”€â”€â”€â”€â”€â”€â”€â”€â”€â”¤
â”‚ BatchNorm_7  â”‚ float32[16,14,14,256]  â”‚ mean: float32[256] â”‚ bias: float32[256]      â”‚
â”‚              â”‚                        â”‚ var: float32[256]  â”‚ scale: float32[256]     â”‚
â”‚              â”‚                        â”‚                    â”‚                         â”‚
â”‚              â”‚                        â”‚ [1m512 (2.0 KB)[22m       â”‚ [1m512 (2.0 KB)[22m            â”‚
â”œâ”€â”€â”€â”€â”€â”€â”€â”€â”€â”€â”€â”€â”€â”€â”¼â”€â”€â”€â”€â”€â”€â”€â”€â”€â”€â”€â”€â”€â”€â”€â”€â”€â”€â”€â”€â”€â”€â”€â”€â”¼â”€â”€â”€â”€â”€â”€â”€â”€â”€â”€â”€â”€â”€â”€â”€â”€â”€â”€â”€â”€â”¼â”€â”€â”€â”€â”€â”€â”€â”€â”€â”€â”€â”€â”€â”€â”€â”€â”€â”€â”€â”€â”€â”€â”€â”€â”€â”¤
â”‚ BatchNorm_8  â”‚ float32[16,12,12,256]  â”‚ mean: float32[256] â”‚ bias: float32[256]      â”‚
â”‚              â”‚                        â”‚ var: float32[256]  â”‚ scale: float32[256]     â”‚
â”‚              â”‚                        â”‚                    â”‚                         â”‚
â”‚              â”‚                        â”‚ [1m512 (2.0 KB)[22m       â”‚ [1m512 (2.0 KB)[22m            â”‚
â”œâ”€â”€â”€â”€â”€â”€â”€â”€â”€â”€â”€â”€â”€â”€â”¼â”€â”€â”€â”€â”€â”€â”€â”€â”€â”€â”€â”€â”€â”€â”€â”€â”€â”€â”€â”€â”€â”€â”€â”€â”¼â”€â”€â”€â”€â”€â”€â”€â”€â”€â”€â”€â”€â”€â”€â”€â”€â”€â”€â”€â”€â”¼â”€â”€â”€â”€â”€â”€â”€â”€â”€â”€â”€â”€â”€â”€â”€â”€â”€â”€â”€â”€â”€â”€â”€â”€â”€â”¤
â”‚ BatchNorm_9  â”‚ float32[16,10,10,512]  â”‚ mean: float32[512] â”‚ bias: float32[512]      â”‚
â”‚              â”‚                        â”‚ var: float32[512]  â”‚ scale: float32[512]     â”‚
â”‚              â”‚                        â”‚                    â”‚                         â”‚
â”‚              â”‚                        â”‚ [1m1,024 (4.1 KB)[22m     â”‚ [1m1,024 (4.1 KB)[22m          â”‚
â”œâ”€â”€â”€â”€â”€â”€â”€â”€â”€â”€â”€â”€â”€â”€â”¼â”€â”€â”€â”€â”€â”€â”€â”€â”€â”€â”€â”€â”€â”€â”€â”€â”€â”€â”€â”€â”€â”€â”€â”€â”¼â”€â”€â”€â”€â”€â”€â”€â”€â”€â”€â”€â”€â”€â”€â”€â”€â”€â”€â”€â”€â”¼â”€â”€â”€â”€â”€â”€â”€â”€â”€â”€â”€â”€â”€â”€â”€â”€â”€â”€â”€â”€â”€â”€â”€â”€â”€â”¤
â”‚ Conv_0       â”‚ float32[16,46,625,128] â”‚                    â”‚ bias: float32[128]      â”‚
â”‚              â”‚                        â”‚                    â”‚ kernel:                 â”‚
â”‚              â”‚                        â”‚                    â”‚ float32[3,3,1,128]      â”‚
â”‚              â”‚                        â”‚                    â”‚                         â”‚
â”‚              â”‚                        â”‚                    â”‚ [1m1,280 (5.1 KB)[22m          â”‚
â”œâ”€â”€â”€â”€â”€â”€â”€â”€â”€â”€â”€â”€â”€â”€â”¼â”€â”€â”€â”€â”€â”€â”€â”€â”€â”€â”€â”€â”€â”€â”€â”€â”€â”€â”€â”€â”€â”€â”€â”€â”¼â”€â”€â”€â”€â”€â”€â”€â”€â”€â”€â”€â”€â”€â”€â”€â”€â”€â”€â”€â”€â”¼â”€â”€â”€â”€â”€â”€â”€â”€â”€â”€â”€â”€â”€â”€â”€â”€â”€â”€â”€â”€â”€â”€â”€â”€â”€â”¤
â”‚ Conv_1       â”‚ float32[16,44,312,128] â”‚                    â”‚ bias: float32[128]      â”‚
â”‚              â”‚                        â”‚                    â”‚ kernel:                 â”‚
â”‚              â”‚                        â”‚                    â”‚ float32[3,3,128,128]    â”‚
â”‚              â”‚                        â”‚                    â”‚                         â”‚
â”‚              â”‚                        â”‚                    â”‚ [1m147,584 (590.3 KB)[22m      â”‚
â”œâ”€â”€â”€â”€â”€â”€â”€â”€â”€â”€â”€â”€â”€â”€â”¼â”€â”€â”€â”€â”€â”€â”€â”€â”€â”€â”€â”€â”€â”€â”€â”€â”€â”€â”€â”€â”€â”€â”€â”€â”¼â”€â”€â”€â”€â”€â”€â”€â”€â”€â”€â”€â”€â”€â”€â”€â”€â”€â”€â”€â”€â”¼â”€â”€â”€â”€â”€â”€â”€â”€â”€â”€â”€â”€â”€â”€â”€â”€â”€â”€â”€â”€â”€â”€â”€â”€â”€â”¤
â”‚ Conv_10      â”‚ float32[16,8,8,256]    â”‚                    â”‚ bias: float32[256]      â”‚
â”‚              â”‚                        â”‚                    â”‚ kernel:                 â”‚
â”‚              â”‚                        â”‚                    â”‚ float32[3,3,512,256]    â”‚
â”‚              â”‚                        â”‚                    â”‚                         â”‚
â”‚              â”‚                        â”‚                    â”‚ [1m1,179,904 (4.7 MB)[22m      â”‚
â”œâ”€â”€â”€â”€â”€â”€â”€â”€â”€â”€â”€â”€â”€â”€â”¼â”€â”€â”€â”€â”€â”€â”€â”€â”€â”€â”€â”€â”€â”€â”€â”€â”€â”€â”€â”€â”€â”€â”€â”€â”¼â”€â”€â”€â”€â”€â”€â”€â”€â”€â”€â”€â”€â”€â”€â”€â”€â”€â”€â”€â”€â”¼â”€â”€â”€â”€â”€â”€â”€â”€â”€â”€â”€â”€â”€â”€â”€â”€â”€â”€â”€â”€â”€â”€â”€â”€â”€â”¤
â”‚ Conv_2       â”‚ float32[16,42,155,128] â”‚                    â”‚ bias: float32[128]      â”‚
â”‚              â”‚                        â”‚                    â”‚ kernel:                 â”‚
â”‚              â”‚                        â”‚                    â”‚ float32[3,3,128,128]    â”‚
â”‚              â”‚                        â”‚                    â”‚                         â”‚
â”‚              â”‚                        â”‚                    â”‚ [1m147,584 (590.3 KB)[22m      â”‚
â”œâ”€â”€â”€â”€â”€â”€â”€â”€â”€â”€â”€â”€â”€â”€â”¼â”€â”€â”€â”€â”€â”€â”€â”€â”€â”€â”€â”€â”€â”€â”€â”€â”€â”€â”€â”€â”€â”€â”€â”€â”¼â”€â”€â”€â”€â”€â”€â”€â”€â”€â”€â”€â”€â”€â”€â”€â”€â”€â”€â”€â”€â”¼â”€â”€â”€â”€â”€â”€â”€â”€â”€â”€â”€â”€â”€â”€â”€â”€â”€â”€â”€â”€â”€â”€â”€â”€â”€â”¤
â”‚ Conv_3       â”‚ float32[16,40,77,256]  â”‚                    â”‚ bias: float32[256]      â”‚
â”‚              â”‚                        â”‚                    â”‚ kernel:                 â”‚
â”‚              â”‚                        â”‚                    â”‚ float32[3,3,128,256]    â”‚
â”‚              â”‚                        â”‚                    â”‚                         â”‚
â”‚              â”‚                        â”‚                    â”‚ [1m295,168 (1.2 MB)[22m        â”‚
â”œâ”€â”€â”€â”€â”€â”€â”€â”€â”€â”€â”€â”€â”€â”€â”¼â”€â”€â”€â”€â”€â”€â”€â”€â”€â”€â”€â”€â”€â”€â”€â”€â”€â”€â”€â”€â”€â”€â”€â”€â”¼â”€â”€â”€â”€â”€â”€â”€â”€â”€â”€â”€â”€â”€â”€â”€â”€â”€â”€â”€â”€â”¼â”€â”€â”€â”€â”€â”€â”€â”€â”€â”€â”€â”€â”€â”€â”€â”€â”€â”€â”€â”€â”€â”€â”€â”€â”€â”¤
â”‚ Conv_4       â”‚ float32[16,38,38,256]  â”‚                    â”‚ bias: float32[256]      â”‚
â”‚              â”‚                        â”‚                    â”‚ kernel:                 â”‚
â”‚              â”‚                        â”‚                    â”‚ float32[3,3,256,256]    â”‚
â”‚              â”‚                        â”‚                    â”‚                         â”‚
â”‚              â”‚                        â”‚                    â”‚ [1m590,080 (2.4 MB)[22m        â”‚
â”œâ”€â”€â”€â”€â”€â”€â”€â”€â”€â”€â”€â”€â”€â”€â”¼â”€â”€â”€â”€â”€â”€â”€â”€â”€â”€â”€â”€â”€â”€â”€â”€â”€â”€â”€â”€â”€â”€â”€â”€â”¼â”€â”€â”€â”€â”€â”€â”€â”€â”€â”€â”€â”€â”€â”€â”€â”€â”€â”€â”€â”€â”¼â”€â”€â”€â”€â”€â”€â”€â”€â”€â”€â”€â”€â”€â”€â”€â”€â”€â”€â”€â”€â”€â”€â”€â”€â”€â”¤
â”‚ Conv_5       â”‚ float32[16,18,18,256]  â”‚                    â”‚ bias: float32[256]      â”‚
â”‚              â”‚                        â”‚                    â”‚ kernel:                 â”‚
â”‚              â”‚                        â”‚                    â”‚ float32[3,3,256,256]    â”‚
â”‚              â”‚                        â”‚                    â”‚                         â”‚
â”‚              â”‚                        â”‚                    â”‚ [1m590,080 (2.4 MB)[22m        â”‚
â”œâ”€â”€â”€â”€â”€â”€â”€â”€â”€â”€â”€â”€â”€â”€â”¼â”€â”€â”€â”€â”€â”€â”€â”€â”€â”€â”€â”€â”€â”€â”€â”€â”€â”€â”€â”€â”€â”€â”€â”€â”¼â”€â”€â”€â”€â”€â”€â”€â”€â”€â”€â”€â”€â”€â”€â”€â”€â”€â”€â”€â”€â”¼â”€â”€â”€â”€â”€â”€â”€â”€â”€â”€â”€â”€â”€â”€â”€â”€â”€â”€â”€â”€â”€â”€â”€â”€â”€â”¤
â”‚ Conv_6       â”‚ float32[16,16,16,256]  â”‚                    â”‚ bias: float32[256]      â”‚
â”‚              â”‚                        â”‚                    â”‚ kernel:                 â”‚
â”‚              â”‚                        â”‚                    â”‚ float32[3,3,256,256]    â”‚
â”‚              â”‚                        â”‚                    â”‚                         â”‚
â”‚              â”‚                        â”‚                    â”‚ [1m590,080 (2.4 MB)[22m        â”‚
â”œâ”€â”€â”€â”€â”€â”€â”€â”€â”€â”€â”€â”€â”€â”€â”¼â”€â”€â”€â”€â”€â”€â”€â”€â”€â”€â”€â”€â”€â”€â”€â”€â”€â”€â”€â”€â”€â”€â”€â”€â”¼â”€â”€â”€â”€â”€â”€â”€â”€â”€â”€â”€â”€â”€â”€â”€â”€â”€â”€â”€â”€â”¼â”€â”€â”€â”€â”€â”€â”€â”€â”€â”€â”€â”€â”€â”€â”€â”€â”€â”€â”€â”€â”€â”€â”€â”€â”€â”¤
â”‚ Conv_7       â”‚ float32[16,14,14,256]  â”‚                    â”‚ bias: float32[256]      â”‚
â”‚              â”‚                        â”‚                    â”‚ kernel:                 â”‚
â”‚              â”‚                        â”‚                    â”‚ float32[3,3,256,256]    â”‚
â”‚              â”‚                        â”‚                    â”‚                         â”‚
â”‚              â”‚                        â”‚                    â”‚ [1m590,080 (2.4 MB)[22m        â”‚
â”œâ”€â”€â”€â”€â”€â”€â”€â”€â”€â”€â”€â”€â”€â”€â”¼â”€â”€â”€â”€â”€â”€â”€â”€â”€â”€â”€â”€â”€â”€â”€â”€â”€â”€â”€â”€â”€â”€â”€â”€â”¼â”€â”€â”€â”€â”€â”€â”€â”€â”€â”€â”€â”€â”€â”€â”€â”€â”€â”€â”€â”€â”¼â”€â”€â”€â”€â”€â”€â”€â”€â”€â”€â”€â”€â”€â”€â”€â”€â”€â”€â”€â”€â”€â”€â”€â”€â”€â”¤
â”‚ Conv_8       â”‚ float32[16,12,12,256]  â”‚                    â”‚ bias: float32[256]      â”‚
â”‚              â”‚                        â”‚                    â”‚ kernel:                 â”‚
â”‚              â”‚                        â”‚                    â”‚ float32[3,3,256,256]    â”‚
â”‚              â”‚                        â”‚                    â”‚                         â”‚
â”‚              â”‚                        â”‚                    â”‚ [1m590,080 (2.4 MB)[22m        â”‚
â”œâ”€â”€â”€â”€â”€â”€â”€â”€â”€â”€â”€â”€â”€â”€â”¼â”€â”€â”€â”€â”€â”€â”€â”€â”€â”€â”€â”€â”€â”€â”€â”€â”€â”€â”€â”€â”€â”€â”€â”€â”¼â”€â”€â”€â”€â”€â”€â”€â”€â”€â”€â”€â”€â”€â”€â”€â”€â”€â”€â”€â”€â”¼â”€â”€â”€â”€â”€â”€â”€â”€â”€â”€â”€â”€â”€â”€â”€â”€â”€â”€â”€â”€â”€â”€â”€â”€â”€â”¤
â”‚ Conv_9       â”‚ float32[16,10,10,512]  â”‚                    â”‚ bias: float32[512]      â”‚
â”‚              â”‚                        â”‚                    â”‚ kernel:                 â”‚
â”‚              â”‚                        â”‚                    â”‚ float32[3,3,256,512]    â”‚
â”‚              â”‚                        â”‚                    â”‚                         â”‚
â”‚              â”‚                        â”‚                    â”‚ [1m1,180,160 (4.7 MB)[22m      â”‚
â”œâ”€â”€â”€â”€â”€â”€â”€â”€â”€â”€â”€â”€â”€â”€â”¼â”€â”€â”€â”€â”€â”€â”€â”€â”€â”€â”€â”€â”€â”€â”€â”€â”€â”€â”€â”€â”€â”€â”€â”€â”¼â”€â”€â”€â”€â”€â”€â”€â”€â”€â”€â”€â”€â”€â”€â”€â”€â”€â”€â”€â”€â”¼â”€â”€â”€â”€â”€â”€â”€â”€â”€â”€â”€â”€â”€â”€â”€â”€â”€â”€â”€â”€â”€â”€â”€â”€â”€â”¤
â”‚ Dense_0      â”‚ float32[16,30]         â”‚                    â”‚ bias: float32[30]       â”‚
â”‚              â”‚                        â”‚                    â”‚ kernel:                 â”‚
â”‚              â”‚                        â”‚                    â”‚ float32[16384,30]       â”‚
â”‚              â”‚                        â”‚                    â”‚                         â”‚
â”‚              â”‚                        â”‚                    â”‚ [1m491,550 (2.0 MB)[22m        â”‚
â”œâ”€â”€â”€â”€â”€â”€â”€â”€â”€â”€â”€â”€â”€â”€â”¼â”€â”€â”€â”€â”€â”€â”€â”€â”€â”€â”€â”€â”€â”€â”€â”€â”€â”€â”€â”€â”€â”€â”€â”€â”¼â”€â”€â”€â”€â”€â”€â”€â”€â”€â”€â”€â”€â”€â”€â”€â”€â”€â”€â”€â”€â”¼â”€â”€â”€â”€â”€â”€â”€â”€â”€â”€â”€â”€â”€â”€â”€â”€â”€â”€â”€â”€â”€â”€â”€â”€â”€â”¤
â”‚ Dropout_0    â”‚ float32[16,16,16,256]  â”‚                    â”‚                         â”‚
â”œâ”€â”€â”€â”€â”€â”€â”€â”€â”€â”€â”€â”€â”€â”€â”¼â”€â”€â”€â”€â”€â”€â”€â”€â”€â”€â”€â”€â”€â”€â”€â”€â”€â”€â”€â”€â”€â”€â”€â”€â”¼â”€â”€â”€â”€â”€â”€â”€â”€â”€â”€â”€â”€â”€â”€â”€â”€â”€â”€â”€â”€â”¼â”€â”€â”€â”€â”€â”€â”€â”€â”€â”€â”€â”€â”€â”€â”€â”€â”€â”€â”€â”€â”€â”€â”€â”€â”€â”¤
â”‚ Dropout_1    â”‚ float32[16,8,8,256]    â”‚                    â”‚                         â”‚
â”œâ”€â”€â”€â”€â”€â”€â”€â”€â”€â”€â”€â”€â”€â”€â”¼â”€â”€â”€â”€â”€â”€â”€â”€â”€â”€â”€â”€â”€â”€â”€â”€â”€â”€â”€â”€â”€â”€â”€â”€â”¼â”€â”€â”€â”€â”€â”€â”€â”€â”€â”€â”€â”€â”€â”€â”€â”€â”€â”€â”€â”€â”¼â”€â”€â”€â”€â”€â”€â”€â”€â”€â”€â”€â”€â”€â”€â”€â”€â”€â”€â”€â”€â”€â”€â”€â”€â”€â”¤
â”‚ SampleCNN    â”‚ float32[16,30]         â”‚                    â”‚                         â”‚
â”œâ”€â”€â”€â”€â”€â”€â”€â”€â”€â”€â”€â”€â”€â”€â”¼â”€â”€â”€â”€â”€â”€â”€â”€â”€â”€â”€â”€â”€â”€â”€â”€â”€â”€â”€â”€â”€â”€â”€â”€â”¼â”€â”€â”€â”€â”€â”€â”€â”€â”€â”€â”€â”€â”€â”€â”€â”€â”€â”€â”€â”€â”¼â”€â”€â”€â”€â”€â”€â”€â”€â”€â”€â”€â”€â”€â”€â”€â”€â”€â”€â”€â”€â”€â”€â”€â”€â”€â”¤
â”‚[1m              [22mâ”‚[1m                  Total [22mâ”‚[1m 5,376 (21.5 KB)    [22mâ”‚[1m 6,399,006 (25.6 MB)     [22mâ”‚
â””â”€â”€â”€â”€â”€â”€â”€â”€â”€â”€â”€â”€â”€â”€â”´â”€â”€â”€â”€â”€â”€â”€â”€â”€â”€â”€â”€â”€â”€â”€â”€â”€â”€â”€â”€â”€â”€â”€â”€â”´â”€â”€â”€â”€â”€â”€â”€â”€â”€â”€â”€â”€â”€â”€â”€â”€â”€â”€â”€â”€â”´â”€â”€â”€â”€â”€â”€â”€â”€â”€â”€â”€â”€â”€â”€â”€â”€â”€â”€â”€â”€â”€â”€â”€â”€â”€â”˜
[1m                                                                                        
[1m                         Total Parameters: 6,404,382 (25.6 MB)                          
Epoch 1
Traceback (most recent call last):
  File "SampleCNN_main.py", line 149, in <module>
    validation_loss, validation_accuracy = eval_step(state, validation_x, validation_y, dropout_rng=rng)
  File "/usr/local/lib/python3.8/dist-packages/jax/_src/traceback_util.py", line 162, in reraise_with_filtered_traceback
    return fun(*args, **kwargs)
  File "/usr/local/lib/python3.8/dist-packages/jax/_src/api.py", line 527, in cache_miss
    out_flat = xla.xla_call(
  File "/usr/local/lib/python3.8/dist-packages/jax/core.py", line 1937, in bind
    return call_bind(self, fun, *args, **params)
  File "/usr/local/lib/python3.8/dist-packages/jax/core.py", line 1953, in call_bind
    outs = top_trace.process_call(primitive, fun_, tracers, params)
  File "/usr/local/lib/python3.8/dist-packages/jax/core.py", line 687, in process_call
    return primitive.impl(f, *tracers, **params)
  File "/usr/local/lib/python3.8/dist-packages/jax/_src/dispatch.py", line 208, in _xla_call_impl
    compiled_fun = xla_callable(fun, device, backend, name, donated_invars,
  File "/usr/local/lib/python3.8/dist-packages/jax/linear_util.py", line 295, in memoized_fun
    ans = call(fun, *args)
  File "/usr/local/lib/python3.8/dist-packages/jax/_src/dispatch.py", line 257, in _xla_callable_uncached
    return lower_xla_callable(fun, device, backend, name, donated_invars, False,
  File "/usr/local/lib/python3.8/dist-packages/jax/_src/profiler.py", line 294, in wrapper
    return func(*args, **kwargs)
  File "/usr/local/lib/python3.8/dist-packages/jax/_src/dispatch.py", line 302, in lower_xla_callable
    jaxpr, out_type, consts = pe.trace_to_jaxpr_final2(
  File "/usr/local/lib/python3.8/dist-packages/jax/_src/profiler.py", line 294, in wrapper
    return func(*args, **kwargs)
  File "/usr/local/lib/python3.8/dist-packages/jax/interpreters/partial_eval.py", line 2188, in trace_to_jaxpr_final2
    jaxpr, out_type, consts = trace_to_subjaxpr_dynamic2(fun, main, debug_info)
  File "/usr/local/lib/python3.8/dist-packages/jax/interpreters/partial_eval.py", line 2138, in trace_to_subjaxpr_dynamic2
    ans = fun.call_wrapped(*in_tracers_)
  File "/usr/local/lib/python3.8/dist-packages/jax/linear_util.py", line 168, in call_wrapped
    ans = self.f(*args, **dict(self.params, **kwargs))
  File "SampleCNN_main.py", line 73, in eval_step
    logits = SampleCNN().apply(params,
jax._src.traceback_util.UnfilteredStackTrace: NameError: name 'params' is not defined
The stack trace below excludes JAX-internal frames.
The preceding is the original exception that occurred, unmodified.
--------------------
The above exception was the direct cause of the following exception:
Traceback (most recent call last):
  File "SampleCNN_main.py", line 149, in <module>
    validation_loss, validation_accuracy = eval_step(state, validation_x, validation_y, dropout_rng=rng)
  File "SampleCNN_main.py", line 73, in eval_step
    logits = SampleCNN().apply(params,
NameError: name 'params' is not defined
Traceback (most recent call last):
  File "SampleCNN_main.py", line 149, in <module>
    validation_loss, validation_accuracy = eval_step(state, validation_x, validation_y, dropout_rng=rng)
  File "/usr/local/lib/python3.8/dist-packages/jax/_src/traceback_util.py", line 162, in reraise_with_filtered_traceback
    return fun(*args, **kwargs)
  File "/usr/local/lib/python3.8/dist-packages/jax/_src/api.py", line 527, in cache_miss
    out_flat = xla.xla_call(
  File "/usr/local/lib/python3.8/dist-packages/jax/core.py", line 1937, in bind
    return call_bind(self, fun, *args, **params)
  File "/usr/local/lib/python3.8/dist-packages/jax/core.py", line 1953, in call_bind
    outs = top_trace.process_call(primitive, fun_, tracers, params)
  File "/usr/local/lib/python3.8/dist-packages/jax/core.py", line 687, in process_call
    return primitive.impl(f, *tracers, **params)
  File "/usr/local/lib/python3.8/dist-packages/jax/_src/dispatch.py", line 208, in _xla_call_impl
    compiled_fun = xla_callable(fun, device, backend, name, donated_invars,
  File "/usr/local/lib/python3.8/dist-packages/jax/linear_util.py", line 295, in memoized_fun
    ans = call(fun, *args)
  File "/usr/local/lib/python3.8/dist-packages/jax/_src/dispatch.py", line 257, in _xla_callable_uncached
    return lower_xla_callable(fun, device, backend, name, donated_invars, False,
  File "/usr/local/lib/python3.8/dist-packages/jax/_src/profiler.py", line 294, in wrapper
    return func(*args, **kwargs)
  File "/usr/local/lib/python3.8/dist-packages/jax/_src/dispatch.py", line 302, in lower_xla_callable
    jaxpr, out_type, consts = pe.trace_to_jaxpr_final2(
  File "/usr/local/lib/python3.8/dist-packages/jax/_src/profiler.py", line 294, in wrapper
    return func(*args, **kwargs)
  File "/usr/local/lib/python3.8/dist-packages/jax/interpreters/partial_eval.py", line 2188, in trace_to_jaxpr_final2
    jaxpr, out_type, consts = trace_to_subjaxpr_dynamic2(fun, main, debug_info)
  File "/usr/local/lib/python3.8/dist-packages/jax/interpreters/partial_eval.py", line 2138, in trace_to_subjaxpr_dynamic2
    ans = fun.call_wrapped(*in_tracers_)
  File "/usr/local/lib/python3.8/dist-packages/jax/linear_util.py", line 168, in call_wrapped
    ans = self.f(*args, **dict(self.params, **kwargs))
  File "SampleCNN_main.py", line 73, in eval_step
    logits = SampleCNN().apply(params,
jax._src.traceback_util.UnfilteredStackTrace: NameError: name 'params' is not defined
The stack trace below excludes JAX-internal frames.
The preceding is the original exception that occurred, unmodified.
--------------------
The above exception was the direct cause of the following exception:
Traceback (most recent call last):
  File "SampleCNN_main.py", line 149, in <module>
    validation_loss, validation_accuracy = eval_step(state, validation_x, validation_y, dropout_rng=rng)
  File "SampleCNN_main.py", line 73, in eval_step
    logits = SampleCNN().apply(params,
NameError: name 'params' is not defined